<?xml version="1.0" encoding="UTF-8"?>
<!-- Generated by org.testng.reporters.JUnitReportReporter -->
<testsuite hostname="LAPTOP-095212F6" failures="0" tests="1" name="TestRunner.CucumberTestRun" time="9.848" errors="0" timestamp="2024-01-17T01:02:57 IST" skipped="0">
  <testcase classname="TestRunner.CucumberTestRun" name="runScenario" time="9.848"/>
</testsuite> <!-- TestRunner.CucumberTestRun -->
